[[32mINFO[0m] 2025-11-24 22:15:30 - ThreatFusion_Demo - logger:_log:170 - Starting ThreatFusion demo
[DEBUG] 2025-11-24 22:15:30 - ThreatFusion_Demo - logger:_log:170 - Debug information - only visible in log files
[[33mWARNING[0m] 2025-11-24 22:15:30 - ThreatFusion_Demo - logger:_log:170 - This is a warning message
[[32mINFO[0m] 2025-11-24 22:15:30 - ThreatFusion_Demo - logger:_log:170 - Starting Advanced C++ Scanner scan
[[32mINFO[0m] 2025-11-24 22:15:30 - ThreatFusion_Demo - logger:_log:170 - Advanced C++ Scanner scan completed
[[33mWARNING[0m] 2025-11-24 22:15:30 - ThreatFusion_Demo - logger:_log:170 - Threat detected: Malware
[[31mERROR[0m] 2025-11-24 22:15:30 - ThreatFusion_Demo - logger:_log:170 - An error occurred during demo
Traceback (most recent call last):
  File "P:\CODE-X\ThreatFusion\demo_reporting_logging.py", line 60, in demo_logging
    raise ValueError("Simulated error for demo")
ValueError: Simulated error for demo
[[32mINFO[0m] 2025-11-24 22:15:30 - ThreatFusion_Demo - logger:_log:170 - Executing risky function...
[[31mERROR[0m] 2025-11-24 22:15:30 - ThreatFusion_Demo - logger:_log:170 - ScannerError: Simulated scanner error
Traceback (most recent call last):
  File "P:\CODE-X\ThreatFusion\core\error_handler.py", line 193, in wrapper
    return func(*args, **kwargs)
  File "P:\CODE-X\ThreatFusion\demo_reporting_logging.py", line 84, in risky_function
    raise ScannerError("Simulated scanner error")
core.error_handler.ScannerError: Simulated scanner error
[[32mINFO[0m] 2025-11-24 22:16:11 - ThreatFusion_Demo - logger:_log:170 - Starting ThreatFusion demo
[DEBUG] 2025-11-24 22:16:11 - ThreatFusion_Demo - logger:_log:170 - Debug information - only visible in log files
[[33mWARNING[0m] 2025-11-24 22:16:11 - ThreatFusion_Demo - logger:_log:170 - This is a warning message
[[32mINFO[0m] 2025-11-24 22:16:11 - ThreatFusion_Demo - logger:_log:170 - Starting Advanced C++ Scanner scan
[[32mINFO[0m] 2025-11-24 22:16:11 - ThreatFusion_Demo - logger:_log:170 - Advanced C++ Scanner scan completed
[[33mWARNING[0m] 2025-11-24 22:16:11 - ThreatFusion_Demo - logger:_log:170 - Threat detected: Malware
[[31mERROR[0m] 2025-11-24 22:16:11 - ThreatFusion_Demo - logger:_log:170 - An error occurred during demo
Traceback (most recent call last):
  File "P:\CODE-X\ThreatFusion\demo_reporting_logging.py", line 60, in demo_logging
    raise ValueError("Simulated error for demo")
ValueError: Simulated error for demo
[[32mINFO[0m] 2025-11-24 22:16:11 - ThreatFusion_Demo - logger:_log:170 - Executing risky function...
[[31mERROR[0m] 2025-11-24 22:16:11 - ThreatFusion_Demo - logger:_log:170 - ScannerError: Simulated scanner error
Traceback (most recent call last):
  File "P:\CODE-X\ThreatFusion\core\error_handler.py", line 193, in wrapper
    return func(*args, **kwargs)
  File "P:\CODE-X\ThreatFusion\demo_reporting_logging.py", line 84, in risky_function
    raise ScannerError("Simulated scanner error")
core.error_handler.ScannerError: Simulated scanner error
[[32mINFO[0m] 2025-11-24 22:16:11 - ThreatFusion_Demo - logger:_log:170 - Network call attempt #1
[[33mWARNING[0m] 2025-11-24 22:16:11 - ThreatFusion_Demo - logger:_log:170 - Attempt 1/3 failed for flaky_network_call: Network temporarily unavailable. Retrying in 0.5s...
[[32mINFO[0m] 2025-11-24 22:16:12 - ThreatFusion_Demo - logger:_log:170 - Network call attempt #2
[[33mWARNING[0m] 2025-11-24 22:16:12 - ThreatFusion_Demo - logger:_log:170 - Attempt 2/3 failed for flaky_network_call: Network temporarily unavailable. Retrying in 0.75s...
[[32mINFO[0m] 2025-11-24 22:16:13 - ThreatFusion_Demo - logger:_log:170 - Network call attempt #3
[[32mINFO[0m] 2025-11-24 22:16:13 - ThreatFusion_Demo - logger:_log:170 - Generating demonstration reports
[[32mINFO[0m] 2025-11-24 22:16:13 - ThreatFusion_Demo - logger:_log:170 - Generated 3 reports
[[32mINFO[0m] 2025-11-24 22:16:13 - ThreatFusion_Demo - logger:_log:170 - Starting integrated workflow demo
[[32mINFO[0m] 2025-11-24 22:16:13 - ThreatFusion_Demo - logger:_log:170 - Initializing scanner...
[[32mINFO[0m] 2025-11-24 22:16:14 - ThreatFusion_Demo - logger:_log:170 - Loading threat signatures...
[[32mINFO[0m] 2025-11-24 22:16:14 - ThreatFusion_Demo - logger:_log:170 - Scanning files...
[[33mWARNING[0m] 2025-11-24 22:16:14 - ThreatFusion_Demo - logger:_log:170 - Threat detected: Ransomware
[[32mINFO[0m] 2025-11-24 22:16:14 - ThreatFusion_Demo - logger:_log:170 - Scan completed successfully
[[32mINFO[0m] 2025-11-24 22:16:14 - ThreatFusion_Demo - logger:_log:170 - Workflow completed successfully
